Using pre-set license
Built from '2020.2/staging' branch; Version is '2020.2.6f1 (8a2143876886) revision 9052483'; Using compiler version '192528614'; Build Type 'Release'
OS: 'Windows 10 Home; OS build 19043.1165; Version 2009; 64bit' Language: 'en' Physical Memory: 15970 MB
BatchMode: 1, IsHumanControllingUs: 0, StartBugReporterOnCrash: 0, Is64bit: 1, IsPro: 0

 COMMAND LINE ARGUMENTS:
C:\Program Files\Unity\Hub\Editor\2020.2.6f1\Editor\Unity.exe
-adb2
-batchMode
-noUpm
-name
AssetImportWorker0
-projectPath
C:/Users/yueka/OneDrive/Desktop/159361/assignment1/Assignment1 Unity Project
-logFile
Logs/AssetImportWorker0.log
-srvPort
55935
Successfully changed project path to: C:/Users/yueka/OneDrive/Desktop/159361/assignment1/Assignment1 Unity Project
C:/Users/yueka/OneDrive/Desktop/159361/assignment1/Assignment1 Unity Project
Using Asset Import Pipeline V2.
Refreshing native plugins compatible for Editor in 87.09 ms, found 0 plugins.
Preloading 0 native plugins for Editor in 0.00 ms.
Initialize engine version: 2020.2.6f1 (8a2143876886)
[Subsystems] Discovering subsystems at path C:/Program Files/Unity/Hub/Editor/2020.2.6f1/Editor/Data/Resources/UnitySubsystems
[Subsystems] Discovering subsystems at path C:/Users/yueka/OneDrive/Desktop/159361/assignment1/Assignment1 Unity Project/Assets
GfxDevice: creating device client; threaded=0
Direct3D:
    Version:  Direct3D 11.0 [level 11.1]
    Renderer: Intel(R) Iris(R) Plus Graphics (ID=0x8a52)
    Vendor:   
    VRAM:     7985 MB
    Driver:   27.20.100.8681
Initialize mono
Mono path[0] = 'C:/Program Files/Unity/Hub/Editor/2020.2.6f1/Editor/Data/Managed'
Mono path[1] = 'C:/Program Files/Unity/Hub/Editor/2020.2.6f1/Editor/Data/MonoBleedingEdge/lib/mono/unityjit'
Mono config path = 'C:/Program Files/Unity/Hub/Editor/2020.2.6f1/Editor/Data/MonoBleedingEdge/etc'
Using monoOptions --debugger-agent=transport=dt_socket,embedding=1,server=y,suspend=n,address=127.0.0.1:56804
Begin MonoManager ReloadAssembly
Registering precompiled unity dll's ...
Register platform support module: C:/Program Files/Unity/Hub/Editor/2020.2.6f1/Editor/Data/PlaybackEngines/WindowsStandaloneSupport/UnityEditor.WindowsStandalone.Extensions.dll
Registered in 0.006365 seconds.
Native extension for WindowsStandalone target not found
Refreshing native plugins compatible for Editor in 84.95 ms, found 0 plugins.
Preloading 0 native plugins for Editor in 0.00 ms.
Invoked RoslynAnalysisRunner static constructor.
RoslynAnalysisRunner will not be running.
RoslynAnalysisRunner has terminated.
Mono: successfully reloaded assembly
- Completed reload, in  3.073 seconds
Platform modules already initialized, skipping
Registering precompiled user dll's ...
Registered in 0.004154 seconds.
Begin MonoManager ReloadAssembly
Native extension for WindowsStandalone target not found
Refreshing native plugins compatible for Editor in 0.48 ms, found 0 plugins.
Preloading 0 native plugins for Editor in 0.00 ms.
Invoked RoslynAnalysisRunner static constructor.
RoslynAnalysisRunner will not be running.
RoslynAnalysisRunner has terminated.
Mono: successfully reloaded assembly
- Completed reload, in  2.430 seconds
Platform modules already initialized, skipping
========================================================================
Worker process is ready to serve import requests
Launched and connected shader compiler UnityShaderCompiler.exe after 0.14 seconds
Refreshing native plugins compatible for Editor in 0.50 ms, found 0 plugins.
Preloading 0 native plugins for Editor in 0.00 ms.
Unloading 1117 Unused Serialized files (Serialized files now loaded: 0)
System memory in use before: 58.1 MB.
System memory in use after: 58.2 MB.

Unloading 12 unused Assets to reduce memory usage. Loaded Objects now: 1563.
Total: 5.565300 ms (FindLiveObjects: 0.415800 ms CreateObjectMapping: 0.251600 ms MarkObjects: 4.603000 ms  DeleteObjects: 0.289400 ms)

========================================================================
Received Import Request.
  path: Assets/Scripts/FollowPlayer.cs
  artifactKey: Guid(09a3767b5769bea4eb632459225c299b) Importer(815301076,1909f56bfc062723c751e8b465ee728b)
Start importing Assets/Scripts/FollowPlayer.cs using Guid(09a3767b5769bea4eb632459225c299b) Importer(815301076,1909f56bfc062723c751e8b465ee728b)  -> (artifact id: '1333384c2a7a90d2cca622de398581d6') in 0.072446 seconds
  Import took 0.085642 seconds .

========================================================================
Received Import Request.
  Time since last request: 14.705025 seconds.
  path: Assets/Scripts/PlayerControl.cs
  artifactKey: Guid(4feb48899abbc46449eb9fbd4e9572ea) Importer(815301076,1909f56bfc062723c751e8b465ee728b)
Start importing Assets/Scripts/PlayerControl.cs using Guid(4feb48899abbc46449eb9fbd4e9572ea) Importer(815301076,1909f56bfc062723c751e8b465ee728b)  -> (artifact id: 'e8853d32351a97fcd560df16cc371a40') in 0.014766 seconds
  Import took 0.025022 seconds .

========================================================================
Received Import Request.
  Time since last request: 0.028081 seconds.
  path: Assets/Scripts/PlayerControl.cs
  artifactKey: Guid(4feb48899abbc46449eb9fbd4e9572ea) Importer(815301076,1909f56bfc062723c751e8b465ee728b)
Start importing Assets/Scripts/PlayerControl.cs using Guid(4feb48899abbc46449eb9fbd4e9572ea) Importer(815301076,1909f56bfc062723c751e8b465ee728b)  -> (artifact id: 'e8853d32351a97fcd560df16cc371a40') in 0.006720 seconds
  Import took 0.014915 seconds .

========================================================================
Received Import Request.
  Time since last request: 15.356365 seconds.
  path: Assets/Scripts/UIManager.cs
  artifactKey: Guid(02f07118e8bd3a1409d5ca5fa9bcb843) Importer(815301076,1909f56bfc062723c751e8b465ee728b)
Start importing Assets/Scripts/UIManager.cs using Guid(02f07118e8bd3a1409d5ca5fa9bcb843) Importer(815301076,1909f56bfc062723c751e8b465ee728b)  -> (artifact id: 'dff486616a68f0bbe39e57352e74825e') in 0.027380 seconds
  Import took 0.039136 seconds .

========================================================================
Received Prepare
Refreshing native plugins compatible for Editor in 4.39 ms, found 0 plugins.
Preloading 0 native plugins for Editor in 0.00 ms.
Unloading 5 Unused Serialized files (Serialized files now loaded: 0)
System memory in use before: 35.6 MB.
System memory in use after: 35.7 MB.

Unloading 5 unused Assets to reduce memory usage. Loaded Objects now: 1563.
Total: 7.906000 ms (FindLiveObjects: 0.431600 ms CreateObjectMapping: 0.125300 ms MarkObjects: 7.158200 ms  DeleteObjects: 0.186100 ms)

========================================================================
Received Prepare
Registering precompiled user dll's ...
Registered in 0.005929 seconds.
Begin MonoManager ReloadAssembly
Native extension for WindowsStandalone target not found
Refreshing native plugins compatible for Editor in 0.59 ms, found 0 plugins.
Preloading 0 native plugins for Editor in 0.00 ms.
Invoked RoslynAnalysisRunner static constructor.
RoslynAnalysisRunner will not be running.
RoslynAnalysisRunner has terminated.
Mono: successfully reloaded assembly
- Completed reload, in  2.849 seconds
Platform modules already initialized, skipping
Refreshing native plugins compatible for Editor in 0.63 ms, found 0 plugins.
Preloading 0 native plugins for Editor in 0.00 ms.
Unloading 1111 Unused Serialized files (Serialized files now loaded: 0)
System memory in use before: 58.0 MB.
System memory in use after: 58.1 MB.

Unloading 7 unused Assets to reduce memory usage. Loaded Objects now: 1565.
Total: 4.375900 ms (FindLiveObjects: 0.359700 ms CreateObjectMapping: 0.103700 ms MarkObjects: 3.702200 ms  DeleteObjects: 0.207300 ms)

========================================================================
Received Prepare
Registering precompiled user dll's ...
Registered in 0.007461 seconds.
Begin MonoManager ReloadAssembly
Native extension for WindowsStandalone target not found
Refreshing native plugins compatible for Editor in 0.57 ms, found 0 plugins.
Preloading 0 native plugins for Editor in 0.00 ms.
Invoked RoslynAnalysisRunner static constructor.
RoslynAnalysisRunner will not be running.
RoslynAnalysisRunner has terminated.
Mono: successfully reloaded assembly
- Completed reload, in  2.806 seconds
Platform modules already initialized, skipping
Refreshing native plugins compatible for Editor in 0.60 ms, found 0 plugins.
Preloading 0 native plugins for Editor in 0.00 ms.
Unloading 1111 Unused Serialized files (Serialized files now loaded: 0)
System memory in use before: 58.0 MB.
System memory in use after: 58.1 MB.

Unloading 7 unused Assets to reduce memory usage. Loaded Objects now: 1567.
Total: 9.266500 ms (FindLiveObjects: 0.401000 ms CreateObjectMapping: 0.238200 ms MarkObjects: 6.388600 ms  DeleteObjects: 2.233900 ms)

========================================================================
Received Prepare
Registering precompiled user dll's ...
Registered in 0.005031 seconds.
Begin MonoManager ReloadAssembly
Native extension for WindowsStandalone target not found
Refreshing native plugins compatible for Editor in 0.35 ms, found 0 plugins.
Preloading 0 native plugins for Editor in 0.00 ms.
Invoked RoslynAnalysisRunner static constructor.
RoslynAnalysisRunner will not be running.
RoslynAnalysisRunner has terminated.
Mono: successfully reloaded assembly
- Completed reload, in  2.159 seconds
Platform modules already initialized, skipping
Refreshing native plugins compatible for Editor in 0.50 ms, found 0 plugins.
Preloading 0 native plugins for Editor in 0.00 ms.
Unloading 1111 Unused Serialized files (Serialized files now loaded: 0)
System memory in use before: 58.0 MB.
System memory in use after: 58.1 MB.

Unloading 7 unused Assets to reduce memory usage. Loaded Objects now: 1569.
Total: 4.506500 ms (FindLiveObjects: 0.357200 ms CreateObjectMapping: 0.110100 ms MarkObjects: 3.934600 ms  DeleteObjects: 0.100700 ms)

AssetImportWorkerClient::OnTransportError - code=2 error=End of file
